<testsuite tests='7' results='2' failures='5' disabled='0' errors='0' time='0.235' name='behavior.new_user_creation'>
  <testcase classname='behavior.new_user_creation' name='creation succesfull with correct username and password' time='0.015' />
  <testcase classname='behavior.new_user_creation' name='can login with succesfully generated account' time='0'>
    <failure message='Step "new credentials allow logging in to system" -- [&gt;, username:, password:, new user registered, &gt;, username:, password:, wrong username or password, &gt;] doesn&apos;t contain logged in'>Step "new credentials allow logging in to system" -- [&gt;, username:, password:, new user registered, &gt;, username:, password:, wrong username or password, &gt;] doesn't contain logged in

    scenario can login with succesfully generated account
      given command new user is selected
      when a valid username and password are entered
      then new credentials allow logging in to system</failure>
  </testcase>
  <testcase classname='behavior.new_user_creation' name='creation fails with correct username and too short password' time='0.016'>
    <failure message='Step "new user is not be registered to system" -- [&gt;, username:, password:, new user registered, &gt;, username:, password:, wrong username or password, &gt;] should not contain new user registered'>Step "new user is not be registered to system" -- [&gt;, username:, password:, new user registered, &gt;, username:, password:, wrong username or password, &gt;] should not contain new user registered

    scenario creation fails with correct username and too short password
      given command new user is selected
      when a valid username and too short password are entered
      then new user is not be registered to system</failure>
  </testcase>
  <testcase classname='behavior.new_user_creation' name='creation fails with correct username and pasword consisting of letters' time='0'>
    <failure message='Step "new user is not be registered to system" -- [&gt;, username:, password:, new user registered, &gt;, username:, password:, wrong username or password, &gt;] should not contain new user registered'>Step "new user is not be registered to system" -- [&gt;, username:, password:, new user registered, &gt;, username:, password:, wrong username or password, &gt;] should not contain new user registered

    scenario creation fails with correct username and pasword consisting of letters
      given command new user is selected
      when a valid username and password consisting of letters are entered
      then new user is not be registered to system</failure>
  </testcase>
  <testcase classname='behavior.new_user_creation' name='creation fails with too short username and valid pasword' time='0'>
    <failure message='Step "new user is not be registered to system" -- [&gt;, username:, password:, new user registered, &gt;, username:, password:, wrong username or password, &gt;] should not contain new user registered'>Step "new user is not be registered to system" -- [&gt;, username:, password:, new user registered, &gt;, username:, password:, wrong username or password, &gt;] should not contain new user registered

    scenario creation fails with too short username and valid pasword
      given command new user is selected
      when a too sort username and valid password are entered
      then new user is not be registered to system</failure>
  </testcase>
  <testcase classname='behavior.new_user_creation' name='creation fails with already taken username and valid pasword' time='0.016'>
    <failure message='Step "new user is not be registered to system" -- [&gt;, username:, password:, new user registered, &gt;, username:, password:, wrong username or password, &gt;] should not contain new user registered'>Step "new user is not be registered to system" -- [&gt;, username:, password:, new user registered, &gt;, username:, password:, wrong username or password, &gt;] should not contain new user registered

    scenario creation fails with already taken username and valid pasword
      given command new user is selected
      when a already taken username and valid password are entered
      then new user is not be registered to system</failure>
  </testcase>
  <testcase classname='behavior.new_user_creation' name='can not login with account that is not succesfully created' time='0' />
</testsuite>